<?xml version="1.0" encoding="UTF-8"?>
<beans xmlns="http://www.springframework.org/schema/beans"
       xmlns:xsi="http://www.w3.org/2001/XMLSchema-instance" 
       xmlns:jpa="http://www.springframework.org/schema/data/jpa"
       xmlns:context="http://www.springframework.org/schema/context"
       xmlns:tx="http://www.springframework.org/schema/tx"  
       xsi:schemaLocation="http://www.springframework.org/schema/beans 
        http://www.springframework.org/schema/beans/spring-beans-3.0.xsd
        http://www.springframework.org/schema/context
        http://www.springframework.org/schema/context/spring-context-3.0.xsd
        http://www.springframework.org/schema/data/jpa
        http://www.springframework.org/schema/data/jpa/spring-jpa.xsd
        http://www.springframework.org/schema/tx
        http://www.springframework.org/schema/tx/spring-tx-3.0.xsd">
    
    <!-- Seta anotaçoes para serem usadas pelo Spring -->
    <context:annotation-config />
    
    <!-- Define o pacote onde o Spring vai procurar por beans anotados -->
    <context:component-scan base-package="om.siemens.configmodule" />
    
    <!-- define que as transaçoes irao ser anotadas -->
    <tx:annotation-driven />
    
    <!-- Indica onde se encontram as interfaces 
     que estendem JpaRepository -->
    <jpa:repositories base-package="br.com.siemens.configmodule.repository"/>
    
    <bean id="dataSource" class="org.springframework.jdbc.datasource.DriverManagerDataSource">
        <property name="driverClassName" value="oracle.jdbc.OracleDriver" />
        <property name="url" value="jdbc:oracle:thin:@192.168.3.4:1521/desenv" />
        <property name="username" value="CONFIG_MODULE_TESTE" />
        <property name="password" value="NgY0523" />
    </bean>
    
     <!-- Configuracao do Hibernate -->
    <bean id="entityManagerFactory" class="org.springframework.orm.jpa.LocalContainerEntityManagerFactoryBean">
        <property name="persistenceUnitName" value="teste-config-modulePU"/>
        <property name="dataSource" ref="dataSource"/>
        <property name="jpaVendorAdapter">
            <bean class="org.springframework.orm.jpa.vendor.HibernateJpaVendorAdapter"/>
        </property>
        <property name="jpaProperties">
            <props>
                <prop key="hibernate.dialect">org.hibernate.dialect.Oracle10gDialect</prop>
                <prop key="hibernate.hbm2ddl.auto">update</prop>
            </props>
        </property>
    </bean>
    
    <!-- Configuracao do gerente de transacoes do Spring -->
    <bean id="transactionManager" 
          class="org.springframework.orm.jpa.JpaTransactionManager">
        <property name="entityManagerFactory" ref="entityManagerFactory" />
    </bean>
</beans>
